<?xml version="1.0" encoding="UTF-8"?>
<!-- Generated by org.testng.reporters.JUnitReportReporter -->
<testsuite hostname="Jeffins-MBP" failures="0" tests="4" name="core.MouseActionsTests" time="18.774" errors="0" timestamp="2025-10-08T20:22:45 EDT" skipped="0">
  <testcase classname="core.MouseActionsTests" name="mouseHoverTest" time="4.212"/>
  <testcase classname="core.MouseActionsTests" name="doubleClickTest" time="4.517"/>
  <testcase classname="core.MouseActionsTests" name="dragAndDropTest" time="5.259"/>
  <testcase classname="core.MouseActionsTests" name="rightClickTest" time="4.786"/>
</testsuite> <!-- core.MouseActionsTests -->
