<?xml version="1.0" encoding="UTF-8"?>
<!-- Generated by org.testng.reporters.JUnitReportReporter -->
<testsuite hostname="Jeffins-MBP" failures="0" tests="3" name="core.WaitsTests" time="22.108" errors="0" timestamp="2025-10-10T14:11:12 EDT" skipped="0">
  <testcase classname="core.WaitsTests" name="explicitWaitTest" time="8.625"/>
  <testcase classname="core.WaitsTests" name="implicitWaitTest" time="3.781"/>
  <testcase classname="core.WaitsTests" name="fluentWaitTest" time="9.702"/>
</testsuite> <!-- core.WaitsTests -->
