<?xml version="1.0" encoding="UTF-8"?>
<!-- Generated by org.testng.reporters.JUnitReportReporter -->
<testsuite hostname="Jeffins-MBP" failures="0" tests="7" name="core.LocatorsTests" time="57.425" errors="0" timestamp="2025-10-16T14:24:51 EDT" skipped="0">
  <testcase classname="core.LocatorsTests" name="locateByClassName" time="10.618"/>
  <testcase classname="core.LocatorsTests" name="locateByLinkText" time="7.073"/>
  <testcase classname="core.LocatorsTests" name="locateByPartialLinkText" time="6.951"/>
  <testcase classname="core.LocatorsTests" name="locateById" time="11.759"/>
  <testcase classname="core.LocatorsTests" name="locateByXPath" time="6.952"/>
  <testcase classname="core.LocatorsTests" name="locateByName" time="6.856"/>
  <testcase classname="core.LocatorsTests" name="locateByCssSelector" time="7.216"/>
</testsuite> <!-- core.LocatorsTests -->
