<?xml version="1.0" encoding="UTF-8"?>
<!-- Generated by org.testng.reporters.JUnitReportReporter -->
<testsuite hostname="Jeffins-MBP" failures="0" tests="4" name="core.DropdownsTests" time="47.950" errors="0" timestamp="2025-10-12T15:07:54 EDT" skipped="0">
  <testcase classname="core.DropdownsTests" name="selectByVisibleText" time="10.425"/>
  <testcase classname="core.DropdownsTests" name="selectByIndex" time="10.501"/>
  <testcase classname="core.DropdownsTests" name="selectMultiDropdown" time="16.669"/>
  <testcase classname="core.DropdownsTests" name="selectByValue" time="10.355"/>
</testsuite> <!-- core.DropdownsTests -->
