<?xml version="1.0" encoding="UTF-8"?>
<!-- Generated by org.testng.reporters.JUnitReportReporter -->
<testsuite hostname="Jeffins-MBP" failures="0" tests="2" name="core.CheckboxesTests" time="16.700" errors="0" timestamp="2025-10-16T14:24:51 EDT" skipped="0">
  <testcase classname="core.CheckboxesTests" name="testMultipleCheckboxes" time="10.044"/>
  <testcase classname="core.CheckboxesTests" name="testSingleCheckbox" time="6.656"/>
</testsuite> <!-- core.CheckboxesTests -->
