<?xml version="1.0" encoding="UTF-8"?>
<!-- Generated by org.testng.reporters.JUnitReportReporter -->
<testsuite hostname="Jeffins-MBP" failures="0" tests="3" name="core.WaitsTests" time="23.566" errors="0" timestamp="2025-10-08T20:22:45 EDT" skipped="0">
  <testcase classname="core.WaitsTests" name="explicitWaitTest" time="9.880"/>
  <testcase classname="core.WaitsTests" name="fluentWaitTest" time="10.058"/>
  <testcase classname="core.WaitsTests" name="implicitWaitTest" time="3.628"/>
</testsuite> <!-- core.WaitsTests -->
