<?xml version="1.0" encoding="UTF-8"?>
<!-- Generated by org.testng.reporters.JUnitReportReporter -->
<testsuite hostname="Jeffins-MBP" failures="0" tests="3" name="core.AlertsTests" time="36.890" errors="0" timestamp="2025-10-16T14:24:51 EDT" skipped="0">
  <testcase classname="core.AlertsTests" name="simpleAlertTest" time="12.246"/>
  <testcase classname="core.AlertsTests" name="confirmationAlertTest" time="12.480"/>
  <testcase classname="core.AlertsTests" name="promptAlertTest" time="12.164"/>
</testsuite> <!-- core.AlertsTests -->
