<?xml version="1.0" encoding="UTF-8"?>
<!-- Generated by org.testng.reporters.JUnitReportReporter -->
<testsuite hostname="Jeffins-MBP" failures="0" tests="3" name="core.AlertsTests" time="28.457" errors="0" timestamp="2025-10-12T15:07:54 EDT" skipped="0">
  <testcase classname="core.AlertsTests" name="simpleAlertTest" time="9.520"/>
  <testcase classname="core.AlertsTests" name="confirmationAlertTest" time="9.458"/>
  <testcase classname="core.AlertsTests" name="promptAlertTest" time="9.479"/>
</testsuite> <!-- core.AlertsTests -->
