<?xml version="1.0" encoding="UTF-8"?>
<!-- Generated by org.testng.reporters.JUnitReportReporter -->
<testsuite hostname="Jeffins-MBP" failures="0" tests="2" name="core.KeyboardActionsTests" time="7.365" errors="0" timestamp="2025-10-10T14:11:12 EDT" skipped="0">
  <testcase classname="core.KeyboardActionsTests" name="typeKeysTest" time="3.704"/>
  <testcase classname="core.KeyboardActionsTests" name="typeSpecialKeysTest" time="3.661"/>
</testsuite> <!-- core.KeyboardActionsTests -->
