<?xml version="1.0" encoding="UTF-8"?>
<!-- Generated by org.testng.reporters.JUnitReportReporter -->
<testsuite hostname="Jeffins-MBP" failures="0" tests="3" name="core.RadioButtonsTests" time="52.265" errors="0" timestamp="2025-10-16T14:24:51 EDT" skipped="0">
  <testcase classname="core.RadioButtonsTests" name="selectOtherRadioButtonTest" time="12.634"/>
  <testcase classname="core.RadioButtonsTests" name="verifyDisabledRadioButtonTest" time="25.669"/>
  <testcase classname="core.RadioButtonsTests" name="selectRadioButtonTest" time="13.962"/>
</testsuite> <!-- core.RadioButtonsTests -->
