<?xml version="1.0" encoding="UTF-8"?>
<!-- Generated by org.testng.reporters.JUnitReportReporter -->
<testsuite hostname="Jeffins-MBP" failures="0" tests="3" name="core.AlertsTests" time="11.160" errors="0" timestamp="2025-10-10T14:11:12 EDT" skipped="0">
  <testcase classname="core.AlertsTests" name="confirmationAlertTest" time="3.553"/>
  <testcase classname="core.AlertsTests" name="simpleAlertTest" time="3.817"/>
  <testcase classname="core.AlertsTests" name="promptAlertTest" time="3.790"/>
</testsuite> <!-- core.AlertsTests -->
