<?xml version="1.0" encoding="UTF-8"?>
<!-- Generated by org.testng.reporters.JUnitReportReporter -->
<testsuite hostname="Jeffins-MBP" failures="0" tests="7" name="core.LocatorsTest" time="33.725" errors="0" timestamp="2025-10-10T18:49:14 EDT" skipped="0">
  <testcase classname="core.LocatorsTest" name="locateByLinkText" time="6.508"/>
  <testcase classname="core.LocatorsTest" name="locateByCssSelector" time="4.114"/>
  <testcase classname="core.LocatorsTest" name="locateByName" time="4.256"/>
  <testcase classname="core.LocatorsTest" name="locateById" time="4.115"/>
  <testcase classname="core.LocatorsTest" name="locateByClassName" time="4.170"/>
  <testcase classname="core.LocatorsTest" name="locateByPartialLinkText" time="6.177"/>
  <testcase classname="core.LocatorsTest" name="locateByXPath" time="4.385"/>
</testsuite> <!-- core.LocatorsTest -->
