<?xml version="1.0" encoding="UTF-8"?>
<!-- Generated by org.testng.reporters.JUnitReportReporter -->
<testsuite hostname="Jeffins-MBP" failures="0" tests="3" name="core.AlertsTests" time="10.454" errors="0" timestamp="2025-10-08T17:15:46 EDT" skipped="0">
  <testcase classname="core.AlertsTests" name="simpleAlertTest" time="3.447"/>
  <testcase classname="core.AlertsTests" name="confirmationAlertTest" time="3.604"/>
  <testcase classname="core.AlertsTests" name="promptAlertTest" time="3.403"/>
</testsuite> <!-- core.AlertsTests -->
