<?xml version="1.0" encoding="UTF-8"?>
<!-- Generated by org.testng.reporters.JUnitReportReporter -->
<testsuite hostname="Jeffins-MBP" failures="0" tests="3" name="core.JavascriptExecutorTests" time="42.616" errors="0" timestamp="2025-10-10T14:11:12 EDT" skipped="0">
  <testcase classname="core.JavascriptExecutorTests" name="setValuesTest2" time="12.544"/>
  <testcase classname="core.JavascriptExecutorTests" name="clickTest" time="11.904"/>
  <testcase classname="core.JavascriptExecutorTests" name="scrollTest" time="18.168"/>
</testsuite> <!-- core.JavascriptExecutorTests -->
