<?xml version="1.0" encoding="UTF-8"?>
<!-- Generated by org.testng.reporters.JUnitReportReporter -->
<testsuite hostname="Jeffins-MBP" failures="0" tests="4" name="core.MouseActionsTests" time="17.476" errors="0" timestamp="2025-10-10T14:11:12 EDT" skipped="0">
  <testcase classname="core.MouseActionsTests" name="mouseHoverTest" time="4.072"/>
  <testcase classname="core.MouseActionsTests" name="doubleClickTest" time="4.377"/>
  <testcase classname="core.MouseActionsTests" name="dragAndDropTest" time="4.713"/>
  <testcase classname="core.MouseActionsTests" name="rightClickTest" time="4.314"/>
</testsuite> <!-- core.MouseActionsTests -->
