<?xml version="1.0" encoding="UTF-8"?>
<!-- Generated by org.testng.reporters.JUnitReportReporter -->
<testsuite hostname="Jeffins-MBP" failures="0" tests="3" name="core.WaitsTests" time="30.115" errors="0" timestamp="2025-10-16T14:24:51 EDT" skipped="0">
  <testcase classname="core.WaitsTests" name="implicitWaitTest" time="6.197"/>
  <testcase classname="core.WaitsTests" name="explicitWaitTest" time="11.467"/>
  <testcase classname="core.WaitsTests" name="fluentWaitTest" time="12.451"/>
</testsuite> <!-- core.WaitsTests -->
