<?xml version="1.0" encoding="UTF-8"?>
<!-- Generated by org.testng.reporters.JUnitReportReporter -->
<testsuite hostname="Jeffins-MBP" failures="0" tests="3" name="core.AlertsTests" time="13.602" errors="0" timestamp="2025-10-08T20:22:45 EDT" skipped="0">
  <testcase classname="core.AlertsTests" name="promptAlertTest" time="5.023"/>
  <testcase classname="core.AlertsTests" name="confirmationAlertTest" time="3.899"/>
  <testcase classname="core.AlertsTests" name="simpleAlertTest" time="4.680"/>
</testsuite> <!-- core.AlertsTests -->
