<?xml version="1.0" encoding="UTF-8"?>
<!-- Generated by org.testng.reporters.JUnitReportReporter -->
<testsuite hostname="Jeffins-MBP" failures="0" tests="5" name="core.FramesTests" time="38.212" errors="0" timestamp="2025-10-16T14:24:51 EDT" skipped="0">
  <testcase classname="core.FramesTests" name="frame5Test" time="7.309"/>
  <testcase classname="core.FramesTests" name="frame2Test" time="7.647"/>
  <testcase classname="core.FramesTests" name="frame1Test" time="8.119"/>
  <testcase classname="core.FramesTests" name="frame3Test" time="7.682"/>
  <testcase classname="core.FramesTests" name="frame4Test" time="7.455"/>
</testsuite> <!-- core.FramesTests -->
