<?xml version="1.0" encoding="UTF-8"?>
<!-- Generated by org.testng.reporters.JUnitReportReporter -->
<testsuite hostname="Jeffins-MBP" failures="0" tests="2" name="core.ScreenshotsTests" time="17.679" errors="0" timestamp="2025-10-10T14:11:12 EDT" skipped="0">
  <testcase classname="core.ScreenshotsTests" name="captureElementTest" time="9.487"/>
  <testcase classname="core.ScreenshotsTests" name="captureFullPageTest" time="8.192"/>
</testsuite> <!-- core.ScreenshotsTests -->
