<?xml version="1.0" encoding="UTF-8"?>
<!-- Generated by org.testng.reporters.JUnitReportReporter -->
<testsuite hostname="Jeffins-MBP" failures="0" tests="2" name="core.KeyboardActionsTests" time="44.326" errors="0" timestamp="2025-10-12T15:07:54 EDT" skipped="0">
  <testcase classname="core.KeyboardActionsTests" name="typeSpecialKeysTest" time="16.147"/>
  <testcase classname="core.KeyboardActionsTests" name="typeKeysTest" time="28.179"/>
</testsuite> <!-- core.KeyboardActionsTests -->
