<?xml version="1.0" encoding="UTF-8"?>
<!-- Generated by org.testng.reporters.JUnitReportReporter -->
<testsuite hostname="Jeffins-MBP" failures="0" tests="4" name="core.DropdownsTests" time="71.157" errors="0" timestamp="2025-10-16T14:24:51 EDT" skipped="0">
  <testcase classname="core.DropdownsTests" name="selectMultiDropdown" time="17.276"/>
  <testcase classname="core.DropdownsTests" name="selectByValue" time="19.671"/>
  <testcase classname="core.DropdownsTests" name="selectByIndex" time="10.815"/>
  <testcase classname="core.DropdownsTests" name="selectByVisibleText" time="23.395"/>
</testsuite> <!-- core.DropdownsTests -->
