<?xml version="1.0" encoding="UTF-8"?>
<!-- Generated by org.testng.reporters.JUnitReportReporter -->
<testsuite hostname="Jeffins-MBP" failures="0" tests="1" name="core.LocatorsTest" time="5.924" errors="0" timestamp="2025-10-08T17:15:46 EDT" skipped="0">
  <testcase classname="core.LocatorsTest" name="locatorsTest" time="5.924"/>
</testsuite> <!-- core.LocatorsTest -->
