<?xml version="1.0" encoding="UTF-8"?>
<!-- Generated by org.testng.reporters.JUnitReportReporter -->
<testsuite hostname="Jeffins-MBP" failures="0" tests="2" name="core.ActionsTests" time="20.322" errors="0" timestamp="2025-10-08T19:24:16 EDT" skipped="0">
  <testcase classname="core.ActionsTests" name="mouseHoverTest" time="9.941"/>
  <testcase classname="core.ActionsTests" name="doubleClickTest" time="10.381"/>
</testsuite> <!-- core.ActionsTests -->
