<?xml version="1.0" encoding="UTF-8"?>
<!-- Generated by org.testng.reporters.JUnitReportReporter -->
<testsuite hostname="Jeffins-MBP" failures="0" tests="3" name="core.JavascriptExecutorTests" time="48.965" errors="0" timestamp="2025-10-12T15:07:54 EDT" skipped="0">
  <testcase classname="core.JavascriptExecutorTests" name="scrollTest" time="18.593"/>
  <testcase classname="core.JavascriptExecutorTests" name="setValuesTest2" time="15.955"/>
  <testcase classname="core.JavascriptExecutorTests" name="clickTest" time="14.417"/>
</testsuite> <!-- core.JavascriptExecutorTests -->
