<?xml version="1.0" encoding="UTF-8"?>
<!-- Generated by org.testng.reporters.JUnitReportReporter -->
<testsuite hostname="Jeffins-MBP" failures="0" tests="7" name="core.LocatorsTest" time="34.411" errors="0" timestamp="2025-10-10T18:37:37 EDT" skipped="0">
  <testcase classname="core.LocatorsTest" name="locateByClassName" time="4.367"/>
  <testcase classname="core.LocatorsTest" name="locateById" time="4.282"/>
  <testcase classname="core.LocatorsTest" name="locateByLinkText" time="4.586"/>
  <testcase classname="core.LocatorsTest" name="locateByXPath" time="4.821"/>
  <testcase classname="core.LocatorsTest" name="locateByCssSelector" time="6.811"/>
  <testcase classname="core.LocatorsTest" name="locateByPartialLinkText" time="4.975"/>
  <testcase classname="core.LocatorsTest" name="locateByName" time="4.569"/>
</testsuite> <!-- core.LocatorsTest -->
