<?xml version="1.0" encoding="UTF-8"?>
<!-- Generated by org.testng.reporters.JUnitReportReporter -->
<testsuite hostname="Jeffins-MBP" failures="0" tests="2" name="core.CheckboxesTests" time="15.841" errors="0" timestamp="2025-10-12T15:07:54 EDT" skipped="0">
  <testcase classname="core.CheckboxesTests" name="testSingleCheckbox" time="6.418"/>
  <testcase classname="core.CheckboxesTests" name="testMultipleCheckboxes" time="9.423"/>
</testsuite> <!-- core.CheckboxesTests -->
