<?xml version="1.0" encoding="UTF-8"?>
<!-- Generated by org.testng.reporters.JUnitReportReporter -->
<testsuite hostname="Jeffins-MBP" failures="0" tests="2" name="core.ScreenshotsTests" time="14.465" errors="0" timestamp="2025-10-16T14:24:51 EDT" skipped="0">
  <testcase classname="core.ScreenshotsTests" name="captureFullPageTest" time="7.932"/>
  <testcase classname="core.ScreenshotsTests" name="captureElementTest" time="6.533"/>
</testsuite> <!-- core.ScreenshotsTests -->
