<?xml version="1.0" encoding="UTF-8"?>
<!-- Generated by org.testng.reporters.JUnitReportReporter -->
<testsuite hostname="Jeffins-MBP" failures="0" tests="4" name="core.MouseActionsTests" time="41.517" errors="0" timestamp="2025-10-12T15:07:54 EDT" skipped="0">
  <testcase classname="core.MouseActionsTests" name="mouseHoverTest" time="10.895"/>
  <testcase classname="core.MouseActionsTests" name="doubleClickTest" time="10.164"/>
  <testcase classname="core.MouseActionsTests" name="rightClickTest" time="10.190"/>
  <testcase classname="core.MouseActionsTests" name="dragAndDropTest" time="10.268"/>
</testsuite> <!-- core.MouseActionsTests -->
