<?xml version="1.0" encoding="UTF-8"?>
<!-- Generated by org.testng.reporters.JUnitReportReporter -->
<testsuite hostname="Jeffins-MBP" failures="0" tests="7" name="core.LocatorsTests" time="70.902" errors="0" timestamp="2025-10-12T15:07:54 EDT" skipped="0">
  <testcase classname="core.LocatorsTests" name="locateByName" time="12.159"/>
  <testcase classname="core.LocatorsTests" name="locateById" time="7.707"/>
  <testcase classname="core.LocatorsTests" name="locateByPartialLinkText" time="12.573"/>
  <testcase classname="core.LocatorsTests" name="locateByClassName" time="7.159"/>
  <testcase classname="core.LocatorsTests" name="locateByCssSelector" time="10.184"/>
  <testcase classname="core.LocatorsTests" name="locateByLinkText" time="11.879"/>
  <testcase classname="core.LocatorsTests" name="locateByXPath" time="9.241"/>
</testsuite> <!-- core.LocatorsTests -->
