<?xml version="1.0" encoding="UTF-8"?>
<!-- Generated by org.testng.reporters.JUnitReportReporter -->
<testsuite hostname="Jeffins-MBP" failures="0" tests="1" name="core.WindowsTest" time="5.509" errors="0" timestamp="2025-10-08T20:22:45 EDT" skipped="0">
  <testcase classname="core.WindowsTest" name="windowsTest" time="5.509"/>
</testsuite> <!-- core.WindowsTest -->
