<?xml version="1.0" encoding="UTF-8"?>
<!-- Generated by org.testng.reporters.JUnitReportReporter -->
<testsuite hostname="Jeffins-MBP" failures="0" tests="5" name="core.FramesTests" time="23.168" errors="0" timestamp="2025-10-08T17:15:46 EDT" skipped="0">
  <testcase classname="core.FramesTests" name="frame3Test" time="3.361"/>
  <testcase classname="core.FramesTests" name="frame2Test" time="4.591"/>
  <testcase classname="core.FramesTests" name="frame5Test" time="4.145"/>
  <testcase classname="core.FramesTests" name="frame1Test" time="5.995"/>
  <testcase classname="core.FramesTests" name="frame4Test" time="5.076"/>
</testsuite> <!-- core.FramesTests -->
