<?xml version="1.0" encoding="UTF-8"?>
<!-- Generated by org.testng.reporters.JUnitReportReporter -->
<testsuite hostname="Jeffins-MBP" failures="0" tests="2" name="core.ScreenshotsTests" time="17.868" errors="0" timestamp="2025-10-12T15:07:54 EDT" skipped="0">
  <testcase classname="core.ScreenshotsTests" name="captureElementTest" time="8.913"/>
  <testcase classname="core.ScreenshotsTests" name="captureFullPageTest" time="8.955"/>
</testsuite> <!-- core.ScreenshotsTests -->
