<?xml version="1.0" encoding="UTF-8"?>
<!-- Generated by org.testng.reporters.JUnitReportReporter -->
<testsuite hostname="Jeffins-MBP" failures="0" tests="3" name="core.RadioButtonsTests" time="39.420" errors="0" timestamp="2025-10-12T15:07:54 EDT" skipped="0">
  <testcase classname="core.RadioButtonsTests" name="selectOtherRadioButtonTest" time="12.845"/>
  <testcase classname="core.RadioButtonsTests" name="selectRadioButtonTest" time="13.145"/>
  <testcase classname="core.RadioButtonsTests" name="verifyDisabledRadioButtonTest" time="13.430"/>
</testsuite> <!-- core.RadioButtonsTests -->
