<?xml version="1.0" encoding="UTF-8"?>
<!-- Generated by org.testng.reporters.JUnitReportReporter -->
<testsuite hostname="Jeffins-MBP" failures="0" tests="2" name="core.KeyboardActionsTests" time="42.995" errors="0" timestamp="2025-10-16T14:24:51 EDT" skipped="0">
  <testcase classname="core.KeyboardActionsTests" name="typeSpecialKeysTest" time="15.431"/>
  <testcase classname="core.KeyboardActionsTests" name="typeKeysTest" time="27.564"/>
</testsuite> <!-- core.KeyboardActionsTests -->
