<?xml version="1.0" encoding="UTF-8"?>
<!-- Generated by org.testng.reporters.JUnitReportReporter -->
<testsuite hostname="Jeffins-MBP" failures="0" tests="5" name="core.FramesTests" time="23.283" errors="0" timestamp="2025-10-10T14:11:12 EDT" skipped="0">
  <testcase classname="core.FramesTests" name="frame5Test" time="4.293"/>
  <testcase classname="core.FramesTests" name="frame2Test" time="4.598"/>
  <testcase classname="core.FramesTests" name="frame4Test" time="4.857"/>
  <testcase classname="core.FramesTests" name="frame3Test" time="4.823"/>
  <testcase classname="core.FramesTests" name="frame1Test" time="4.712"/>
</testsuite> <!-- core.FramesTests -->
