<?xml version="1.0" encoding="UTF-8"?>
<!-- Generated by org.testng.reporters.JUnitReportReporter -->
<testsuite hostname="Jeffins-MBP" failures="0" tests="1" name="core.WindowsTest" time="12.555" errors="0" timestamp="2025-10-12T15:07:54 EDT" skipped="0">
  <testcase classname="core.WindowsTest" name="windowsTest" time="12.555"/>
</testsuite> <!-- core.WindowsTest -->
