<?xml version="1.0" encoding="UTF-8"?>
<!-- Generated by org.testng.reporters.JUnitReportReporter -->
<testsuite hostname="Jeffins-MBP" failures="0" tests="5" name="core.FramesTests" time="29.942" errors="0" timestamp="2025-10-08T20:22:45 EDT" skipped="0">
  <testcase classname="core.FramesTests" name="frame4Test" time="4.423"/>
  <testcase classname="core.FramesTests" name="frame2Test" time="10.271"/>
  <testcase classname="core.FramesTests" name="frame1Test" time="5.719"/>
  <testcase classname="core.FramesTests" name="frame3Test" time="5.190"/>
  <testcase classname="core.FramesTests" name="frame5Test" time="4.339"/>
</testsuite> <!-- core.FramesTests -->
