<?xml version="1.0" encoding="UTF-8"?>
<!-- Generated by org.testng.reporters.JUnitReportReporter -->
<testsuite hostname="Jeffins-MBP" failures="0" tests="3" name="core.WaitsTests" time="21.576" errors="0" timestamp="2025-10-08T17:15:46 EDT" skipped="0">
  <testcase classname="core.WaitsTests" name="explicitWaitTest" time="8.807"/>
  <testcase classname="core.WaitsTests" name="implicitWaitTest" time="3.300"/>
  <testcase classname="core.WaitsTests" name="fluentWaitTest" time="9.469"/>
</testsuite> <!-- core.WaitsTests -->
