<?xml version="1.0" encoding="UTF-8"?>
<!-- Generated by org.testng.reporters.JUnitReportReporter -->
<testsuite hostname="Jeffins-MBP" failures="0" tests="5" name="core.FramesTests" time="37.878" errors="0" timestamp="2025-10-12T15:07:54 EDT" skipped="0">
  <testcase classname="core.FramesTests" name="frame1Test" time="8.248"/>
  <testcase classname="core.FramesTests" name="frame4Test" time="7.362"/>
  <testcase classname="core.FramesTests" name="frame3Test" time="7.529"/>
  <testcase classname="core.FramesTests" name="frame2Test" time="7.544"/>
  <testcase classname="core.FramesTests" name="frame5Test" time="7.195"/>
</testsuite> <!-- core.FramesTests -->
