<?xml version="1.0" encoding="UTF-8"?>
<!-- Generated by org.testng.reporters.JUnitReportReporter -->
<testsuite hostname="Jeffins-MBP" failures="0" tests="3" name="core.WaitsTests" time="30.968" errors="0" timestamp="2025-10-12T15:07:54 EDT" skipped="0">
  <testcase classname="core.WaitsTests" name="implicitWaitTest" time="6.442"/>
  <testcase classname="core.WaitsTests" name="explicitWaitTest" time="11.859"/>
  <testcase classname="core.WaitsTests" name="fluentWaitTest" time="12.667"/>
</testsuite> <!-- core.WaitsTests -->
